mode: set
etl/internal/search/bleve_engine.go:25.35,30.18 3 1
etl/internal/search/bleve_engine.go:30.18,33.3 2 0
etl/internal/search/bleve_engine.go:35.2,37.57 3 1
etl/internal/search/bleve_engine.go:37.57,40.18 2 1
etl/internal/search/bleve_engine.go:40.18,42.4 1 0
etl/internal/search/bleve_engine.go:43.3,43.43 1 1
etl/internal/search/bleve_engine.go:44.8,47.3 1 1
etl/internal/search/bleve_engine.go:49.2,49.16 1 1
etl/internal/search/bleve_engine.go:49.16,51.3 1 1
etl/internal/search/bleve_engine.go:53.2,54.12 2 1
etl/internal/search/bleve_engine.go:58.29,62.2 3 1
etl/internal/search/bleve_engine.go:65.25,68.18 3 1
etl/internal/search/bleve_engine.go:68.18,72.3 3 1
etl/internal/search/bleve_engine.go:73.2,73.12 1 1
etl/internal/search/bleve_engine.go:77.51,129.2 33 1
etl/internal/search/bleve_engine.go:132.55,134.16 2 1
etl/internal/search/bleve_engine.go:134.16,136.3 1 1
etl/internal/search/bleve_engine.go:137.2,137.28 1 1
etl/internal/search/bleve_engine.go:141.38,143.16 2 1
etl/internal/search/bleve_engine.go:143.16,145.3 1 1
etl/internal/search/bleve_engine.go:146.2,146.23 1 1
etl/internal/search/ranker.go:13.148,22.73 5 1
etl/internal/search/ranker.go:22.73,25.3 2 1
etl/internal/search/ranker.go:28.2,28.79 1 1
etl/internal/search/ranker.go:28.79,32.3 3 1
etl/internal/search/ranker.go:35.2,35.73 1 1
etl/internal/search/ranker.go:35.73,38.3 2 1
etl/internal/search/ranker.go:41.2,41.76 1 1
etl/internal/search/ranker.go:41.76,44.3 2 1
etl/internal/search/ranker.go:47.2,49.104 3 1
etl/internal/search/ranker.go:49.104,54.3 4 1
etl/internal/search/ranker.go:57.2,57.20 1 1
etl/internal/search/ranker.go:57.20,61.3 3 1
etl/internal/search/ranker.go:64.2,64.67 1 1
etl/internal/search/ranker.go:64.67,67.3 2 1
etl/internal/search/ranker.go:71.2,73.34 3 1
etl/internal/search/ranker.go:73.34,74.40 1 1
etl/internal/search/ranker.go:74.40,74.50 1 1
etl/internal/search/ranker.go:75.3,78.17 3 1
etl/internal/search/ranker.go:78.17,78.33 1 1
etl/internal/search/ranker.go:80.3,80.61 1 1
etl/internal/search/ranker.go:80.61,82.4 1 1
etl/internal/search/ranker.go:82.9,82.71 1 1
etl/internal/search/ranker.go:82.71,84.4 1 0
etl/internal/search/ranker.go:86.2,86.22 1 1
etl/internal/search/ranker.go:86.22,89.3 2 0
etl/internal/search/ranker.go:92.2,92.21 1 1
etl/internal/search/ranker.go:92.21,94.26 2 0
etl/internal/search/ranker.go:94.26,96.4 1 0
etl/internal/search/ranker.go:96.9,98.4 1 0
etl/internal/search/ranker.go:102.3,102.44 1 0
etl/internal/search/ranker.go:102.44,104.4 1 0
etl/internal/search/ranker.go:106.3,108.42 3 0
etl/internal/search/ranker.go:112.2,112.23 1 1
etl/internal/search/ranker.go:115.73,119.29 4 1
etl/internal/search/ranker.go:119.29,121.34 2 1
etl/internal/search/ranker.go:121.34,121.44 1 1
etl/internal/search/ranker.go:122.3,122.45 1 1
etl/internal/search/ranker.go:122.45,122.61 1 1
etl/internal/search/ranker.go:124.2,124.14 1 1
etl/internal/search/ranker.go:127.73,129.29 2 1
etl/internal/search/ranker.go:129.29,131.34 2 1
etl/internal/search/ranker.go:131.34,131.44 1 1
etl/internal/search/ranker.go:132.3,132.28 1 1
etl/internal/search/ranker.go:132.28,133.33 1 1
etl/internal/search/ranker.go:133.33,135.10 2 1
etl/internal/search/ranker.go:139.2,139.14 1 1
etl/internal/search/ranker.go:142.65,143.21 1 1
etl/internal/search/ranker.go:143.21,143.33 1 1
etl/internal/search/ranker.go:144.2,145.16 2 1
etl/internal/search/ranker.go:145.16,145.28 1 0
etl/internal/search/ranker.go:146.2,147.17 2 1
etl/internal/search/ranker.go:147.17,147.31 1 1
etl/internal/search/ranker.go:148.2,148.17 1 1
etl/internal/search/ranker.go:148.17,148.31 1 0
etl/internal/search/ranker.go:149.2,149.10 1 1
etl/internal/search/ranker.go:152.61,154.38 2 1
etl/internal/search/ranker.go:154.38,154.50 1 0
etl/internal/search/ranker.go:155.2,155.36 1 1
etl/internal/search/ranker.go:155.36,155.48 1 1
etl/internal/search/ranker.go:156.2,156.10 1 1
etl/internal/search/ranker.go:159.60,161.21 2 1
etl/internal/search/ranker.go:161.21,161.33 1 1
etl/internal/search/ranker.go:162.2,163.26 2 1
etl/internal/search/ranker.go:163.26,164.17 1 1
etl/internal/search/ranker.go:164.17,164.32 1 1
etl/internal/search/ranker.go:166.2,166.19 1 1
etl/internal/search/ranker.go:166.19,166.33 1 1
etl/internal/search/ranker.go:167.2,167.10 1 1
etl/internal/search/ranker.go:171.32,180.2 2 1
etl/internal/search/ranker.go:182.47,183.39 1 1
etl/internal/search/ranker.go:183.39,184.63 1 1
etl/internal/search/ranker.go:184.63,186.4 1 1
etl/internal/search/ranker.go:187.3,187.49 1 1
etl/internal/search/search.go:55.43,57.2 1 1
etl/internal/search/search.go:59.44,61.34 2 1
etl/internal/search/search.go:61.34,64.3 2 1
etl/internal/search/search.go:64.8,64.41 1 1
etl/internal/search/search.go:64.41,67.3 2 0
etl/internal/search/search.go:69.2,70.21 2 1
etl/internal/search/search.go:70.21,72.3 1 0
etl/internal/search/search.go:73.2,77.25 3 1
etl/internal/search/search.go:77.25,79.3 1 1
etl/internal/search/search.go:79.8,79.32 1 1
etl/internal/search/search.go:79.32,81.75 1 1
etl/internal/search/search.go:81.75,83.4 1 1
etl/internal/search/search.go:83.9,85.4 1 0
etl/internal/search/search.go:86.8,88.111 1 1
etl/internal/search/search.go:88.111,90.4 1 1
etl/internal/search/search.go:90.9,92.4 1 0
etl/internal/search/search.go:95.2,95.18 1 1
etl/internal/search/search.go:95.18,96.36 1 1
etl/internal/search/search.go:96.36,98.4 1 1
etl/internal/search/search.go:99.3,99.25 1 0
etl/internal/search/search.go:101.2,101.15 1 1
etl/internal/search/search.go:104.73,107.28 3 1
etl/internal/search/search.go:107.28,108.17 1 1
etl/internal/search/search.go:108.17,111.4 2 1
etl/internal/search/search.go:113.2,114.29 2 1
etl/internal/search/search.go:114.29,115.17 1 1
etl/internal/search/search.go:115.17,119.4 2 1
etl/internal/search/search.go:121.2,121.24 1 1
etl/internal/search/search.go:124.62,125.29 1 1
etl/internal/search/search.go:125.29,125.43 1 1
etl/internal/search/search.go:127.2,132.27 4 1
etl/internal/search/search.go:132.27,134.3 1 1
etl/internal/search/search.go:137.2,138.31 2 1
etl/internal/search/search.go:138.31,141.42 3 1
etl/internal/search/search.go:141.42,141.52 1 0
etl/internal/search/search.go:143.3,144.55 2 1
etl/internal/search/search.go:148.2,149.31 2 1
etl/internal/search/search.go:149.31,150.22 1 1
etl/internal/search/search.go:150.22,154.4 3 1
etl/internal/search/search.go:159.2,163.29 4 1
etl/internal/search/search.go:163.29,165.16 2 1
etl/internal/search/search.go:165.16,167.4 1 1
etl/internal/search/search.go:168.3,168.84 1 1
etl/internal/search/search.go:168.84,169.12 1 1
etl/internal/search/search.go:171.3,171.16 1 1
etl/internal/search/search.go:171.16,175.4 2 1
etl/internal/search/search.go:175.9,177.4 1 1
etl/internal/search/search.go:180.2,180.27 1 1
etl/internal/search/search.go:180.27,180.41 1 1
etl/internal/search/search.go:181.2,181.39 1 1
etl/internal/search/search.go:184.45,190.26 5 1
etl/internal/search/search.go:190.26,191.34 1 1
etl/internal/search/search.go:191.34,193.4 1 1
etl/internal/search/search.go:195.2,196.17 2 1
etl/internal/search/search.go:199.64,206.24 6 1
etl/internal/search/search.go:206.24,208.3 1 1
etl/internal/search/search.go:211.2,212.25 2 1
etl/internal/search/search.go:212.25,213.15 1 1
etl/internal/search/search.go:213.15,217.9 3 1
etl/internal/search/search.go:220.2,222.27 2 1
etl/internal/search/search.go:225.64,229.38 4 1
etl/internal/search/search.go:229.38,230.30 1 1
etl/internal/search/search.go:230.30,235.4 3 1
etl/internal/search/search.go:236.3,236.27 1 1
etl/internal/search/search.go:237.8,238.26 1 0
etl/internal/search/search.go:238.26,239.16 1 0
etl/internal/search/search.go:239.16,242.10 3 0
etl/internal/search/search.go:246.2,246.64 1 1
etl/internal/search/search.go:249.154,251.16 2 1
etl/internal/search/search.go:251.16,253.3 1 0
etl/internal/search/search.go:254.2,275.19 10 1
etl/internal/search/search.go:275.19,278.3 1 0
etl/internal/search/search.go:281.2,281.12 1 1
etl/internal/search/search.go:281.12,282.52 1 1
etl/internal/search/search.go:282.52,285.4 2 0
etl/internal/search/search.go:285.9,287.4 1 1
etl/internal/search/search.go:291.2,291.12 1 1
etl/internal/search/search.go:291.12,300.3 8 1
etl/internal/search/search.go:303.2,306.21 4 1
etl/internal/search/search.go:306.21,308.3 1 0
etl/internal/search/search.go:308.8,308.29 1 1
etl/internal/search/search.go:308.29,310.33 2 0
etl/internal/search/search.go:310.33,312.53 2 0
etl/internal/search/search.go:312.53,314.5 1 0
etl/internal/search/search.go:315.4,315.81 1 0
etl/internal/search/search.go:315.81,317.5 1 0
etl/internal/search/search.go:322.2,323.21 2 1
etl/internal/search/search.go:323.21,325.3 1 0
etl/internal/search/search.go:326.2,339.35 5 1
etl/internal/search/search.go:339.35,346.3 5 1
etl/internal/search/search.go:349.2,349.14 1 1
etl/internal/search/search.go:349.14,350.38 1 0
etl/internal/search/search.go:350.38,352.54 2 0
etl/internal/search/search.go:352.54,354.5 1 0
etl/internal/search/search.go:356.4,356.60 1 0
etl/internal/search/search.go:356.60,375.5 7 0
etl/internal/search/search.go:379.2,384.25 2 1
etl/internal/search/search.go:387.100,388.48 1 1
etl/internal/search/search.go:388.48,390.3 1 1
etl/internal/search/search.go:391.2,391.51 1 1
etl/internal/search/search.go:391.51,393.3 1 1
etl/internal/search/search.go:394.2,394.49 1 1
etl/internal/search/search.go:394.49,396.3 1 0
etl/internal/search/search.go:397.2,397.49 1 1
etl/internal/search/search.go:397.49,399.3 1 1
etl/internal/search/search.go:400.2,400.54 1 1
etl/internal/search/search.go:400.54,402.3 1 0
etl/internal/search/search.go:403.2,403.45 1 1
etl/internal/search/search.go:403.45,404.32 1 1
etl/internal/search/search.go:405.15,406.34 1 0
etl/internal/search/search.go:407.22,408.24 1 1
etl/internal/search/search.go:408.24,409.33 1 1
etl/internal/search/search.go:409.33,411.6 1 1
etl/internal/search/search.go:415.2,417.42 3 1
etl/internal/search/search.go:417.42,419.3 1 1
etl/internal/search/search.go:422.19,427.2 4 1
etl/internal/search/search.go:429.51,432.26 3 1
etl/internal/search/search.go:432.26,434.3 1 1
etl/internal/search/search.go:435.2,436.20 2 1
etl/internal/search/search.go:436.20,436.32 1 0
etl/internal/search/search.go:437.2,439.25 3 1
etl/internal/search/search.go:439.25,440.26 1 1
etl/internal/search/search.go:440.26,442.19 2 1
etl/internal/search/search.go:442.19,442.34 1 1
etl/internal/search/search.go:445.2,445.16 1 1
etl/internal/search/vector_engine.go:36.58,38.25 2 1
etl/internal/search/vector_engine.go:38.25,40.3 1 1
etl/internal/search/vector_engine.go:42.2,49.16 5 0
etl/internal/search/vector_engine.go:49.16,53.17 4 0
etl/internal/search/vector_engine.go:53.17,55.4 1 0
etl/internal/search/vector_engine.go:58.2,60.90 3 0
etl/internal/search/vector_engine.go:60.90,66.3 5 0
etl/internal/search/vector_engine.go:68.2,72.16 3 0
etl/internal/search/vector_engine.go:72.16,76.3 3 0
etl/internal/search/vector_engine.go:78.2,82.12 4 0
etl/internal/search/vector_engine.go:86.52,92.31 5 1
etl/internal/search/vector_engine.go:92.31,94.14 2 1
etl/internal/search/vector_engine.go:94.14,94.24 1 1
etl/internal/search/vector_engine.go:96.3,98.28 2 1
etl/internal/search/vector_engine.go:98.28,100.30 1 1
etl/internal/search/vector_engine.go:100.30,104.5 3 0
etl/internal/search/vector_engine.go:107.4,107.46 1 1
etl/internal/search/vector_engine.go:107.46,109.25 2 1
etl/internal/search/vector_engine.go:109.25,109.45 1 1
etl/internal/search/vector_engine.go:110.5,110.61 1 1
etl/internal/search/vector_engine.go:112.4,112.12 1 1
etl/internal/search/vector_engine.go:116.3,116.73 1 1
etl/internal/search/vector_engine.go:116.73,120.4 3 1
etl/internal/search/vector_engine.go:122.3,122.29 1 1
etl/internal/search/vector_engine.go:122.29,124.4 1 0
etl/internal/search/vector_engine.go:125.3,126.33 2 1
etl/internal/search/vector_engine.go:129.2,129.28 1 1
etl/internal/search/vector_engine.go:129.28,131.3 1 1
etl/internal/search/vector_engine.go:133.2,133.15 1 1
etl/internal/search/vector_engine.go:137.72,138.29 1 1
etl/internal/search/vector_engine.go:138.29,140.3 1 1
etl/internal/search/vector_engine.go:145.2,154.33 5 0
etl/internal/search/vector_engine.go:154.33,156.12 1 0
etl/internal/search/vector_engine.go:156.12,158.4 1 0
etl/internal/search/vector_engine.go:159.3,177.17 3 0
etl/internal/search/vector_engine.go:177.17,180.4 2 0
etl/internal/search/vector_engine.go:183.2,183.12 1 0
etl/internal/search/vector_engine.go:187.122,188.29 1 1
etl/internal/search/vector_engine.go:188.29,190.3 1 1
etl/internal/search/vector_engine.go:192.2,197.16 4 0
etl/internal/search/vector_engine.go:197.16,199.3 1 0
etl/internal/search/vector_engine.go:200.2,200.19 1 0
etl/internal/search/vector_engine.go:200.19,202.3 1 0
etl/internal/search/vector_engine.go:205.2,213.16 5 0
etl/internal/search/vector_engine.go:213.16,215.3 1 0
etl/internal/search/vector_engine.go:217.2,217.21 1 0
etl/internal/search/vector_engine.go:221.36,222.29 1 1
etl/internal/search/vector_engine.go:222.29,224.3 1 1
etl/internal/search/vector_engine.go:226.2,231.97 3 0
etl/internal/search/vector_engine.go:235.68,236.29 1 1
etl/internal/search/vector_engine.go:236.29,238.3 1 1
etl/internal/search/vector_engine.go:239.2,242.82 3 0
etl/internal/search/vector_engine.go:245.26,248.2 1 0
etl/internal/search/vector_engine.go:251.73,255.67 2 1
etl/internal/search/vector_engine.go:255.67,258.49 2 1
etl/internal/search/vector_engine.go:258.49,261.4 2 1
etl/internal/search/vector_engine.go:262.3,273.17 5 0
etl/internal/search/vector_engine.go:273.17,275.4 1 0
etl/internal/search/vector_engine.go:276.3,279.17 3 0
etl/internal/search/vector_engine.go:279.17,281.4 1 0
etl/internal/search/vector_engine.go:282.3,284.39 2 0
etl/internal/search/vector_engine.go:284.39,287.4 2 0
etl/internal/search/vector_engine.go:289.3,292.65 2 0
etl/internal/search/vector_engine.go:292.65,294.4 1 0
etl/internal/search/vector_engine.go:296.3,296.31 1 0
etl/internal/search/vector_engine.go:296.31,298.4 1 0
etl/internal/search/vector_engine.go:300.3,304.27 2 0
etl/internal/search/vector_engine.go:304.27,306.4 1 0
etl/internal/search/vector_engine.go:309.3,310.41 2 0
etl/internal/search/vector_engine.go:310.41,312.31 1 0
etl/internal/search/vector_engine.go:312.31,317.5 3 0
etl/internal/search/vector_engine.go:319.3,323.24 4 0
etl/internal/search/weights.go:34.41,52.2 1 1
etl/internal/search/weights.go:54.41,56.56 2 1
etl/internal/search/weights.go:56.56,59.3 2 1
etl/internal/search/weights.go:59.8,62.3 2 1
etl/internal/search/weights.go:65.34,69.2 3 1
etl/internal/search/weights.go:71.42,77.2 5 1
