mode: set
ton618/internal/watcher/watcher.go:32.45,36.2 3 1
ton618/internal/watcher/watcher.go:40.48,44.9 4 1
ton618/internal/watcher/watcher.go:44.9,46.3 1 1
ton618/internal/watcher/watcher.go:47.2,47.35 1 1
ton618/internal/watcher/watcher.go:47.35,52.3 4 1
ton618/internal/watcher/watcher.go:53.2,56.14 4 0
ton618/internal/watcher/watcher.go:97.66,103.2 1 1
ton618/internal/watcher/watcher.go:106.46,109.16 3 1
ton618/internal/watcher/watcher.go:109.16,112.3 2 0
ton618/internal/watcher/watcher.go:115.2,115.39 1 1
ton618/internal/watcher/watcher.go:115.39,119.3 3 1
ton618/internal/watcher/watcher.go:121.2,124.40 4 1
ton618/internal/watcher/watcher.go:127.45,129.2 1 1
ton618/internal/watcher/watcher.go:138.62,142.28 3 1
ton618/internal/watcher/watcher.go:142.28,143.54 1 1
ton618/internal/watcher/watcher.go:143.54,145.4 1 0
ton618/internal/watcher/watcher.go:147.2,147.12 1 1
ton618/internal/watcher/watcher.go:151.55,155.2 3 1
ton618/internal/watcher/watcher.go:158.104,170.2 1 1
ton618/internal/watcher/watcher.go:174.61,179.9 4 1
ton618/internal/watcher/watcher.go:179.9,181.3 1 1
ton618/internal/watcher/watcher.go:183.2,183.25 1 1
ton618/internal/watcher/watcher.go:183.25,191.3 7 1
ton618/internal/watcher/watcher.go:194.2,194.26 1 1
ton618/internal/watcher/watcher.go:194.26,205.24 3 1
ton618/internal/watcher/watcher.go:205.24,207.30 2 1
ton618/internal/watcher/watcher.go:207.30,209.61 2 1
ton618/internal/watcher/watcher.go:209.61,225.6 6 1
ton618/internal/watcher/watcher.go:228.3,228.13 1 1
ton618/internal/watcher/watcher.go:232.2,241.14 7 1
ton618/internal/watcher/watcher.go:242.18,243.97 1 1
ton618/internal/watcher/watcher.go:244.13,245.78 1 0
ton618/internal/watcher/watcher.go:246.16,247.62 1 1
ton618/internal/watcher/watcher.go:250.2,250.27 1 1
ton618/internal/watcher/watcher.go:250.27,264.53 2 1
ton618/internal/watcher/watcher.go:264.53,266.12 2 0
ton618/internal/watcher/watcher.go:268.3,268.119 1 1
ton618/internal/watcher/watcher.go:268.119,270.4 1 0
ton618/internal/watcher/watcher.go:274.2,274.29 1 1
ton618/internal/watcher/watcher.go:274.29,276.3 1 0
ton618/internal/watcher/watcher.go:279.2,279.23 1 1
ton618/internal/watcher/watcher.go:279.23,281.3 1 1
ton618/internal/watcher/watcher.go:281.8,284.3 1 1
ton618/internal/watcher/watcher.go:287.2,289.12 2 1
ton618/internal/watcher/watcher.go:294.53,296.6 2 1
ton618/internal/watcher/watcher.go:296.6,297.10 1 1
ton618/internal/watcher/watcher.go:298.21,299.10 1 1
ton618/internal/watcher/watcher.go:300.40,301.11 1 0
ton618/internal/watcher/watcher.go:301.11,303.5 1 0
ton618/internal/watcher/watcher.go:304.4,304.11 1 0
ton618/internal/watcher/watcher.go:305.56,306.36 1 0
ton618/internal/watcher/watcher.go:307.57,308.31 1 0
ton618/internal/watcher/watcher.go:310.38,311.11 1 0
ton618/internal/watcher/watcher.go:311.11,313.5 1 0
ton618/internal/watcher/watcher.go:314.4,314.45 1 0
ton618/internal/watcher/watcher.go:321.65,323.16 2 1
ton618/internal/watcher/watcher.go:323.16,325.3 1 0
ton618/internal/watcher/watcher.go:326.2,327.47 2 1
ton618/internal/watcher/watcher.go:327.47,329.3 1 1
ton618/internal/watcher/watcher.go:330.2,330.18 1 1
ton618/internal/watcher/watcher.go:333.53,335.9 2 0
ton618/internal/watcher/watcher.go:335.9,337.3 1 0
ton618/internal/watcher/watcher.go:340.2,340.34 1 0
ton618/internal/watcher/watcher.go:340.34,343.3 2 0
ton618/internal/watcher/watcher.go:345.2,346.38 2 0
ton618/internal/watcher/watcher.go:346.38,348.3 1 0
ton618/internal/watcher/watcher.go:350.2,351.16 2 0
ton618/internal/watcher/watcher.go:351.16,353.3 1 0
ton618/internal/watcher/watcher.go:355.2,360.3 1 0
ton618/internal/watcher/watcher.go:363.48,365.9 2 0
ton618/internal/watcher/watcher.go:365.9,367.3 1 0
ton618/internal/watcher/watcher.go:369.2,370.38 2 0
ton618/internal/watcher/watcher.go:370.38,372.3 1 0
ton618/internal/watcher/watcher.go:374.2,379.3 2 0
ton618/internal/watcher/watcher.go:382.49,387.6 4 1
ton618/internal/watcher/watcher.go:387.6,388.10 1 1
ton618/internal/watcher/watcher.go:389.21,390.10 1 1
ton618/internal/watcher/watcher.go:391.19,392.15 1 0
ton618/internal/watcher/watcher.go:398.29,400.2 1 1
ton618/internal/watcher/watcher.go:404.63,406.16 2 1
ton618/internal/watcher/watcher.go:406.16,408.3 1 0
ton618/internal/watcher/watcher.go:409.2,410.47 2 1
ton618/internal/watcher/watcher.go:410.47,412.3 1 0
ton618/internal/watcher/watcher.go:413.2,413.18 1 1
ton618/internal/watcher/watcher.go:416.29,421.39 3 1
ton618/internal/watcher/watcher.go:421.39,423.75 2 1
ton618/internal/watcher/watcher.go:423.75,424.31 1 1
ton618/internal/watcher/watcher.go:424.31,426.5 1 1
ton618/internal/watcher/watcher.go:427.4,428.40 2 1
ton618/internal/watcher/watcher.go:428.40,430.5 1 0
ton618/internal/watcher/watcher.go:431.4,432.18 2 1
ton618/internal/watcher/watcher.go:432.18,434.5 1 0
ton618/internal/watcher/watcher.go:435.4,436.11 2 1
ton618/internal/watcher/watcher.go:436.11,438.5 1 0
ton618/internal/watcher/watcher.go:441.4,441.88 1 1
ton618/internal/watcher/watcher.go:441.88,442.59 1 0
ton618/internal/watcher/watcher.go:442.59,446.6 2 0
ton618/internal/watcher/watcher.go:449.4,456.14 3 1
ton618/internal/watcher/watcher.go:461.2,461.26 1 1
ton618/internal/watcher/watcher.go:461.26,462.28 1 1
ton618/internal/watcher/watcher.go:462.28,465.4 1 0
ton618/internal/watcher/watcher.go:465.9,468.61 2 1
ton618/internal/watcher/watcher.go:468.61,470.5 1 0
ton618/internal/watcher/watcher.go:475.2,476.32 2 1
ton618/internal/watcher/watcher.go:476.32,477.27 1 1
ton618/internal/watcher/watcher.go:477.27,481.37 1 0
ton618/internal/watcher/watcher.go:481.37,483.13 2 0
ton618/internal/watcher/watcher.go:485.4,491.5 3 0
